2020-11-07 15:36:06.930788 GMT | [695175_2020_11_07_15_20_24_0000--s-0] Epoch 0 finished
---------------------------------------  ----------------
replay_buffer/size                       999092
trainer/QF1 Loss                             43.6286
trainer/min QF1 Loss                         39.6524
trainer/QF2 Loss                             43.6944
trainer/min QF2 Loss                         39.6518
trainer/Std QF1 values                        0.000305326
trainer/Std QF2 values                        0.000292691
trainer/QF1 in-distribution values Mean      -0.00651546
trainer/QF1 in-distribution values Std        0.00157907
trainer/QF1 in-distribution values Max       -0.00184735
trainer/QF1 in-distribution values Min       -0.0112504
trainer/QF2 in-distribution values Mean       0.00996329
trainer/QF2 in-distribution values Std        0.00152757
trainer/QF2 in-distribution values Max        0.0141208
trainer/QF2 in-distribution values Min        0.00601772
trainer/QF1 random values Mean               -0.00651673
trainer/QF1 random values Std                 0.00156562
trainer/QF1 random values Max                -0.0016639
trainer/QF1 random values Min                -0.0111415
trainer/QF2 random values Mean                0.00996135
trainer/QF2 random values Std                 0.00152974
trainer/QF2 random values Max                 0.0142618
trainer/QF2 random values Min                 0.00588061
trainer/QF1 next_actions values Mean         -0.00652332
trainer/QF1 next_actions values Std           0.00157142
trainer/QF1 next_actions values Max          -0.00189601
trainer/QF1 next_actions values Min          -0.0113367
trainer/QF2 next_actions values Mean          0.0099405
trainer/QF2 next_actions values Std           0.00153739
trainer/QF2 next_actions values Max           0.0144508
trainer/QF2 next_actions values Min           0.00574112
trainer/actions Mean                         -0.0318806
trainer/actions Std                           0.817405
trainer/actions Max                           1
trainer/actions Min                          -1
trainer/rewards Mean                         -2
trainer/rewards Std                           0
trainer/rewards Max                          -2
trainer/rewards Min                          -2
trainer/Num Q Updates                         1
trainer/Num Policy Updates                    1
trainer/Policy Loss                          -5.4072
trainer/Q1 Predictions Mean                  -0.00653146
trainer/Q1 Predictions Std                    0.00167709
trainer/Q1 Predictions Max                   -0.00183899
trainer/Q1 Predictions Min                   -0.0111534
trainer/Q2 Predictions Mean                   0.0100634
trainer/Q2 Predictions Std                    0.00155817
trainer/Q2 Predictions Max                    0.0138649
trainer/Q2 Predictions Min                    0.00640683
trainer/Q Targets Mean                       -2.00056
trainer/Q Targets Std                         0.00227526
trainer/Q Targets Max                        -1.99619
trainer/Q Targets Min                        -2.00614
trainer/Log Pis Mean                         -5.41374
trainer/Log Pis Std                           0.61704
trainer/Log Pis Max                          -3.40082
trainer/Log Pis Min                          -6.92242
trainer/Policy mu Mean                        6.07959e-06
trainer/Policy mu Std                         0.00172099
trainer/Policy mu Max                         0.00410312
trainer/Policy mu Min                        -0.00384176
trainer/Policy log std Mean                   0.000497109
trainer/Policy log std Std                    0.00184506
trainer/Policy log std Max                    0.00536223
trainer/Policy log std Min                   -0.00332642
trainer/Alpha                                 0.9999
trainer/Alpha Loss                           -0
trainer/Alpha_prime                           1
trainer/min_q1_loss                          39.6524
trainer/min_q2_loss                          39.6518
trainer/threshold action gap                  5
trainer/alpha prime loss                    -39.6521
exploration/num steps total                1000
exploration/num paths total                   1
exploration/path length Mean               1000
exploration/path length Std                   0
exploration/path length Max                1000
exploration/path length Min                1000
exploration/Rewards Mean                      0
exploration/Rewards Std                       0
exploration/Rewards Max                       0
exploration/Rewards Min                       0
exploration/Returns Mean                      0
exploration/Returns Std                       0
exploration/Returns Max                       0
exploration/Returns Min                       0
exploration/Actions Mean                     -0.00891461
exploration/Actions Std                       0.647393
exploration/Actions Max                       0.999541
exploration/Actions Min                      -0.996927
exploration/Num Paths                         1
exploration/Average Returns                   0
evaluation/num steps total                 1000
evaluation/num paths total                    1
evaluation/path length Mean                1000
evaluation/path length Std                    0
evaluation/path length Max                 1000
evaluation/path length Min                 1000
evaluation/Rewards Mean                       0
evaluation/Rewards Std                        0
evaluation/Rewards Max                        0
evaluation/Rewards Min                        0
evaluation/Returns Mean                       0
evaluation/Returns Std                        0
evaluation/Returns Max                        0
evaluation/Returns Min                        0
evaluation/Actions Mean                       0.000161359
evaluation/Actions Std                        0.00120324
evaluation/Actions Max                        0.00311934
evaluation/Actions Min                       -0.00159994
evaluation/Num Paths                          1
evaluation/Average Returns                    0
time/evaluation sampling (s)                  1.09737
time/logging (s)                              0.00440795
time/policy fn evaluation (s)                 1.87366
time/training (s)                           466.87
time/epoch (s)                              469.846
time/total (s)                              942.845
Epoch                                         0
---------------------------------------  ----------------
2020-11-07 15:43:52.415529 GMT | [695175_2020_11_07_15_20_24_0000--s-0] Epoch 1 finished
---------------------------------------  --------------
replay_buffer/size                       999092
trainer/QF1 Loss                             75.9029
trainer/min QF1 Loss                          3.15017
trainer/QF2 Loss                             75.8937
trainer/min QF2 Loss                          3.62369
trainer/Std QF1 values                        6.3874
trainer/Std QF2 values                        6.34771
trainer/QF1 in-distribution values Mean     -44.7947
trainer/QF1 in-distribution values Std       20.9861
trainer/QF1 in-distribution values Max      -18.1865
trainer/QF1 in-distribution values Min     -156.033
trainer/QF2 in-distribution values Mean     -45.1707
trainer/QF2 in-distribution values Std       20.6625
trainer/QF2 in-distribution values Max      -18.7419
trainer/QF2 in-distribution values Min     -151.658
trainer/QF1 random values Mean              -50.4064
trainer/QF1 random values Std                24.0108
trainer/QF1 random values Max               -21.8646
trainer/QF1 random values Min              -155.956
trainer/QF2 random values Mean              -50.5321
trainer/QF2 random values Std                23.4932
trainer/QF2 random values Max               -22.0406
trainer/QF2 random values Min              -152.883
trainer/QF1 next_actions values Mean        -45.1916
trainer/QF1 next_actions values Std          21.1298
trainer/QF1 next_actions values Max         -19.1062
trainer/QF1 next_actions values Min        -150.741
trainer/QF2 next_actions values Mean        -45.5542
trainer/QF2 next_actions values Std          20.6454
trainer/QF2 next_actions values Max         -19.9478
trainer/QF2 next_actions values Min        -143.024
trainer/actions Mean                         -0.0243594
trainer/actions Std                           0.816356
trainer/actions Max                           1
trainer/actions Min                          -1
trainer/rewards Mean                         -1.95312
trainer/rewards Std                           0.430468
trainer/rewards Max                           2
trainer/rewards Min                          -2
trainer/Num Q Updates                      1001
trainer/Num Policy Updates                 1001
trainer/Policy Loss                          49.37
trainer/Q1 Predictions Mean                 -35.7039
trainer/Q1 Predictions Std                   14.2946
trainer/Q1 Predictions Max                  -19.6633
trainer/Q1 Predictions Min                  -87.9885
trainer/Q2 Predictions Mean                 -36.3531
trainer/Q2 Predictions Std                   14.5598
trainer/Q2 Predictions Max                  -17.9191
trainer/Q2 Predictions Min                  -87.8618
trainer/Q Targets Mean                      -35.2876
trainer/Q Targets Std                        16.5689
trainer/Q Targets Max                         2
trainer/Q Targets Min                      -104.588
trainer/Log Pis Mean                          2.47153
trainer/Log Pis Std                           5.46531
trainer/Log Pis Max                          18.8227
trainer/Log Pis Min                         -10.1384
trainer/Policy mu Mean                       -0.0264085
trainer/Policy mu Std                         0.361254
trainer/Policy mu Max                         0.886707
trainer/Policy mu Min                        -0.930742
trainer/Policy log std Mean                   0.827004
trainer/Policy log std Std                    0.0543335
trainer/Policy log std Max                    0.98104
trainer/Policy log std Min                    0.642356
trainer/Alpha                                 0.917687
trainer/Alpha Loss                           -0.474378
trainer/Alpha_prime                           1.12506
trainer/min_q1_loss                           3.15017
trainer/min_q2_loss                           3.62369
trainer/threshold action gap                  5
trainer/alpha prime loss                     -3.38693
exploration/num steps total                2000
exploration/num paths total                   2
exploration/path length Mean               1000
exploration/path length Std                   0
exploration/path length Max                1000
exploration/path length Min                1000
exploration/Rewards Mean                      0
exploration/Rewards Std                       0
exploration/Rewards Max                       0
exploration/Rewards Min                       0
exploration/Returns Mean                      0
exploration/Returns Std                       0
exploration/Returns Max                       0
exploration/Returns Min                       0
exploration/Actions Mean                      0.0307568
exploration/Actions Std                       0.84719
exploration/Actions Max                       1
exploration/Actions Min                      -1
exploration/Num Paths                         1
exploration/Average Returns                   0
evaluation/num steps total                 2000
evaluation/num paths total                    2
evaluation/path length Mean                1000
evaluation/path length Std                    0
evaluation/path length Max                 1000
evaluation/path length Min                 1000
evaluation/Rewards Mean                       0
evaluation/Rewards Std                        0
evaluation/Rewards Max                        0
evaluation/Rewards Min                        0
evaluation/Returns Mean                       0
evaluation/Returns Std                        0
evaluation/Returns Max                        0
evaluation/Returns Min                        0
evaluation/Actions Mean                      -0.0986253
evaluation/Actions Std                        0.384152
evaluation/Actions Max                        0.63146
evaluation/Actions Min                       -0.584452
evaluation/Num Paths                          1
evaluation/Average Returns                    0
time/evaluation sampling (s)                  1.10301
time/logging (s)                              0.0041703
time/policy fn evaluation (s)                 1.71489
time/training (s)                           462.659
time/epoch (s)                              465.481
time/total (s)                             1408.33
Epoch                                         1
---------------------------------------  --------------
2020-11-07 15:52:45.473999 GMT | [695175_2020_11_07_15_20_24_0000--s-0] Epoch 2 finished
---------------------------------------  ----------------
replay_buffer/size                       999092
trainer/QF1 Loss                            120.803
trainer/min QF1 Loss                          4.58908
trainer/QF2 Loss                            120.618
trainer/min QF2 Loss                          6.87362
trainer/Std QF1 values                        7.81762
trainer/Std QF2 values                        7.39306
trainer/QF1 in-distribution values Mean    -100.618
trainer/QF1 in-distribution values Std       50.0681
trainer/QF1 in-distribution values Max      -46.48
trainer/QF1 in-distribution values Min     -289.354
trainer/QF2 in-distribution values Mean     -99.5596
trainer/QF2 in-distribution values Std       47.8367
trainer/QF2 in-distribution values Max      -49.0827
trainer/QF2 in-distribution values Min     -276.25
trainer/QF1 random values Mean             -107.668
trainer/QF1 random values Std                55.9144
trainer/QF1 random values Max               -53.3579
trainer/QF1 random values Min              -315.315
trainer/QF2 random values Mean             -106.536
trainer/QF2 random values Std                53.4697
trainer/QF2 random values Max               -54.0171
trainer/QF2 random values Min              -298.697
trainer/QF1 next_actions values Mean       -100.653
trainer/QF1 next_actions values Std          50.0638
trainer/QF1 next_actions values Max         -49.9279
trainer/QF1 next_actions values Min        -320.715
trainer/QF2 next_actions values Mean        -99.6717
trainer/QF2 next_actions values Std          47.805
trainer/QF2 next_actions values Max         -48.4896
trainer/QF2 next_actions values Min        -300.883
trainer/actions Mean                          0.000110477
trainer/actions Std                           0.81899
trainer/actions Max                           1
trainer/actions Min                          -1
trainer/rewards Mean                         -2
trainer/rewards Std                           0
trainer/rewards Max                          -2
trainer/rewards Min                          -2
trainer/Num Q Updates                      2001
trainer/Num Policy Updates                 2001
trainer/Policy Loss                         105.141
trainer/Q1 Predictions Mean                 -90.1936
trainer/Q1 Predictions Std                   42.5473
trainer/Q1 Predictions Max                  -49.6975
trainer/Q1 Predictions Min                 -237.558
trainer/Q2 Predictions Mean                 -90.1917
trainer/Q2 Predictions Std                   41.8534
trainer/Q2 Predictions Max                  -49.8057
trainer/Q2 Predictions Min                 -234.6
trainer/Q Targets Mean                      -90.3465
trainer/Q Targets Std                        44.659
trainer/Q Targets Max                       -46.5902
trainer/Q Targets Min                      -256.97
trainer/Log Pis Mean                          3.64679
trainer/Log Pis Std                           6.13549
trainer/Log Pis Max                          21.853
trainer/Log Pis Min                         -10.9506
trainer/Policy mu Mean                       -0.00596667
trainer/Policy mu Std                         0.477707
trainer/Policy mu Max                         1.31515
trainer/Policy mu Min                        -1.19057
trainer/Policy log std Mean                   0.838
trainer/Policy log std Std                    0.0794659
trainer/Policy log std Max                    1.15134
trainer/Policy log std Min                    0.42143
trainer/Alpha                                 0.835956
trainer/Alpha Loss                           -0.7796
trainer/Alpha_prime                           1.17979
trainer/min_q1_loss                           4.58908
trainer/min_q2_loss                           6.87362
trainer/threshold action gap                  5
trainer/alpha prime loss                     -5.73135
exploration/num steps total                3000
exploration/num paths total                   3
exploration/path length Mean               1000
exploration/path length Std                   0
exploration/path length Max                1000
exploration/path length Min                1000
exploration/Rewards Mean                      0
exploration/Rewards Std                       0
exploration/Rewards Max                       0
exploration/Rewards Min                       0
exploration/Returns Mean                      0
exploration/Returns Std                       0
exploration/Returns Max                       0
exploration/Returns Min                       0
exploration/Actions Mean                      0.0695928
exploration/Actions Std                       0.854909
exploration/Actions Max                       1
exploration/Actions Min                      -1
exploration/Num Paths                         1
exploration/Average Returns                   0
evaluation/num steps total                 3000
evaluation/num paths total                    3
evaluation/path length Mean                1000
evaluation/path length Std                    0
evaluation/path length Max                 1000
evaluation/path length Min                 1000
evaluation/Rewards Mean                       0
evaluation/Rewards Std                        0
evaluation/Rewards Max                        0
evaluation/Rewards Min                        0
evaluation/Returns Mean                       0
evaluation/Returns Std                        0
evaluation/Returns Max                        0
evaluation/Returns Min                        0
evaluation/Actions Mean                       0.0362813
evaluation/Actions Std                        0.230816
evaluation/Actions Max                        0.562128
evaluation/Actions Min                       -0.549346
evaluation/Num Paths                          1
evaluation/Average Returns                    0
time/evaluation sampling (s)                  1.14664
time/logging (s)                              0.00426708
time/policy fn evaluation (s)                 1.7318
time/training (s)                           530.172
time/epoch (s)                              533.055
time/total (s)                             1941.39
Epoch                                         2
---------------------------------------  ----------------
2020-11-07 16:02:26.602699 GMT | [695175_2020_11_07_15_20_24_0000--s-0] Epoch 3 finished
---------------------------------------  ---------------
replay_buffer/size                       999092
trainer/QF1 Loss                            279.699
trainer/min QF1 Loss                          5.95204
trainer/QF2 Loss                            312.092
trainer/min QF2 Loss                          7.89848
trainer/Std QF1 values                       10.3279
trainer/Std QF2 values                        9.16
trainer/QF1 in-distribution values Mean    -169.672
trainer/QF1 in-distribution values Std       82.7724
trainer/QF1 in-distribution values Max      -69.5988
trainer/QF1 in-distribution values Min     -450.074
trainer/QF2 in-distribution values Mean    -167.757
trainer/QF2 in-distribution values Std       81.0581
trainer/QF2 in-distribution values Max      -63.4711
trainer/QF2 in-distribution values Min     -435.099
trainer/QF1 random values Mean             -178.613
trainer/QF1 random values Std                89.4783
trainer/QF1 random values Max               -79.6086
trainer/QF1 random values Min              -466.902
trainer/QF2 random values Mean             -175.833
trainer/QF2 random values Std                86.7982
trainer/QF2 random values Max               -74.1997
trainer/QF2 random values Min              -440.917
trainer/QF1 next_actions values Mean       -169.677
trainer/QF1 next_actions values Std          82.6137
trainer/QF1 next_actions values Max         -77.9014
trainer/QF1 next_actions values Min        -458.559
trainer/QF2 next_actions values Mean       -167.704
trainer/QF2 next_actions values Std          80.7067
trainer/QF2 next_actions values Max         -70.0149
trainer/QF2 next_actions values Min        -437.03
trainer/actions Mean                         -0.0296902
trainer/actions Std                           0.813568
trainer/actions Max                           1
trainer/actions Min                          -1
trainer/rewards Mean                         -1.98438
trainer/rewards Std                           0.249511
trainer/rewards Max                           2
trainer/rewards Min                          -2
trainer/Num Q Updates                      3001
trainer/Num Policy Updates                 3001
trainer/Policy Loss                         175.662
trainer/Q1 Predictions Mean                -156.277
trainer/Q1 Predictions Std                   73.7102
trainer/Q1 Predictions Max                  -70.3387
trainer/Q1 Predictions Min                 -367.18
trainer/Q2 Predictions Mean                -156.139
trainer/Q2 Predictions Std                   74.2947
trainer/Q2 Predictions Max                  -67.5357
trainer/Q2 Predictions Min                 -366.419
trainer/Q Targets Mean                     -156.354
trainer/Q Targets Std                        73.7928
trainer/Q Targets Max                         2
trainer/Q Targets Min                      -415.887
trainer/Log Pis Mean                          3.44103
trainer/Log Pis Std                           5.77751
trainer/Log Pis Max                          21.0009
trainer/Log Pis Min                          -9.85501
trainer/Policy mu Mean                       -0.0505154
trainer/Policy mu Std                         0.546251
trainer/Policy mu Max                         1.48005
trainer/Policy mu Min                        -1.36791
trainer/Policy log std Mean                   0.855306
trainer/Policy log std Std                    0.0916284
trainer/Policy log std Max                    1.1048
trainer/Policy log std Min                    0.245727
trainer/Alpha                                 0.762281
trainer/Alpha Loss                           -1.23705
trainer/Alpha_prime                           1.43257
trainer/min_q1_loss                           5.95204
trainer/min_q2_loss                           7.89848
trainer/threshold action gap                  5
trainer/alpha prime loss                     -6.92526
exploration/num steps total                4000
exploration/num paths total                   4
exploration/path length Mean               1000
exploration/path length Std                   0
exploration/path length Max                1000
exploration/path length Min                1000
exploration/Rewards Mean                      0
exploration/Rewards Std                       0
exploration/Rewards Max                       0
exploration/Rewards Min                       0
exploration/Returns Mean                      0
exploration/Returns Std                       0
exploration/Returns Max                       0
exploration/Returns Min                       0
exploration/Actions Mean                      0.092558
exploration/Actions Std                       0.852088
exploration/Actions Max                       1
exploration/Actions Min                      -1
exploration/Num Paths                         1
exploration/Average Returns                   0
evaluation/num steps total                 4000
evaluation/num paths total                    4
evaluation/path length Mean                1000
evaluation/path length Std                    0
evaluation/path length Max                 1000
evaluation/path length Min                 1000
evaluation/Rewards Mean                       0
evaluation/Rewards Std                        0
evaluation/Rewards Max                        0
evaluation/Rewards Min                        0
evaluation/Returns Mean                       0
evaluation/Returns Std                        0
evaluation/Returns Max                        0
evaluation/Returns Min                        0
evaluation/Actions Mean                      -0.00599785
evaluation/Actions Std                        0.257821
evaluation/Actions Max                        0.791701
evaluation/Actions Min                       -0.770867
evaluation/Num Paths                          1
evaluation/Average Returns                    0
time/evaluation sampling (s)                  1.14973
time/logging (s)                              0.00423708
time/policy fn evaluation (s)                 2.77396
time/training (s)                           577.197
time/epoch (s)                              581.125
time/total (s)                             2522.52
Epoch                                         3
---------------------------------------  ---------------
2020-11-07 16:12:01.702237 GMT | [695175_2020_11_07_15_20_24_0000--s-0] Epoch 4 finished
---------------------------------------  ---------------
replay_buffer/size                       999092
trainer/QF1 Loss                            617.52
trainer/min QF1 Loss                          3.44516
trainer/QF2 Loss                            561.642
trainer/min QF2 Loss                          1.32397
trainer/Std QF1 values                       12.5503
trainer/Std QF2 values                       11.2355
trainer/QF1 in-distribution values Mean    -238.796
trainer/QF1 in-distribution values Std      112.306
trainer/QF1 in-distribution values Max      -96.9535
trainer/QF1 in-distribution values Min     -631.785
trainer/QF2 in-distribution values Mean    -236.081
trainer/QF2 in-distribution values Std      110.432
trainer/QF2 in-distribution values Max      -89.3805
trainer/QF2 in-distribution values Min     -635.906
trainer/QF1 random values Mean             -250.283
trainer/QF1 random values Std               120.817
trainer/QF1 random values Max              -108.459
trainer/QF1 random values Min              -699.872
trainer/QF2 random values Mean             -246.486
trainer/QF2 random values Std               118.236
trainer/QF2 random values Max              -106.666
trainer/QF2 random values Min              -670.44
trainer/QF1 next_actions values Mean       -239.229
trainer/QF1 next_actions values Std         112.029
trainer/QF1 next_actions values Max        -103.902
trainer/QF1 next_actions values Min        -639.091
trainer/QF2 next_actions values Mean       -236.662
trainer/QF2 next_actions values Std         110.238
trainer/QF2 next_actions values Max        -101.442
trainer/QF2 next_actions values Min        -634.045
trainer/actions Mean                         -0.0420522
trainer/actions Std                           0.819596
trainer/actions Max                           1
trainer/actions Min                          -1
trainer/rewards Mean                         -1.92188
trainer/rewards Std                           0.553531
trainer/rewards Max                           2
trainer/rewards Min                          -2
trainer/Num Q Updates                      4001
trainer/Num Policy Updates                 4001
trainer/Policy Loss                         246.429
trainer/Q1 Predictions Mean                -223.126
trainer/Q1 Predictions Std                  102.286
trainer/Q1 Predictions Max                  -97.57
trainer/Q1 Predictions Min                 -554.917
trainer/Q2 Predictions Mean                -222.156
trainer/Q2 Predictions Std                  102.801
trainer/Q2 Predictions Max                  -86.8512
trainer/Q2 Predictions Min                 -554.934
trainer/Q Targets Mean                     -215.72
trainer/Q Targets Std                       104.863
trainer/Q Targets Max                         2
trainer/Q Targets Min                      -556.891
trainer/Log Pis Mean                          4.64558
trainer/Log Pis Std                           6.15275
trainer/Log Pis Max                          26.3029
trainer/Log Pis Min                         -10.6096
trainer/Policy mu Mean                       -0.0409419
trainer/Policy mu Std                         0.622051
trainer/Policy mu Max                         1.53718
trainer/Policy mu Min                        -1.51539
trainer/Policy log std Mean                   0.861342
trainer/Policy log std Std                    0.0983298
trainer/Policy log std Max                    1.07001
trainer/Policy log std Min                    0.183805
trainer/Alpha                                 0.696154
trainer/Alpha Loss                           -1.21462
trainer/Alpha_prime                           1.90514
trainer/min_q1_loss                           3.44516
trainer/min_q2_loss                           1.32397
trainer/threshold action gap                  5
trainer/alpha prime loss                     -2.38457
exploration/num steps total                5000
exploration/num paths total                   5
exploration/path length Mean               1000
exploration/path length Std                   0
exploration/path length Max                1000
exploration/path length Min                1000
exploration/Rewards Mean                      0
exploration/Rewards Std                       0
exploration/Rewards Max                       0
exploration/Rewards Min                       0
exploration/Returns Mean                      0
exploration/Returns Std                       0
exploration/Returns Max                       0
exploration/Returns Min                       0
exploration/Actions Mean                      0.0918507
exploration/Actions Std                       0.847261
exploration/Actions Max                       1
exploration/Actions Min                      -1
exploration/Num Paths                         1
exploration/Average Returns                   0
evaluation/num steps total                 5000
evaluation/num paths total                    5
evaluation/path length Mean                1000
evaluation/path length Std                    0
evaluation/path length Max                 1000
evaluation/path length Min                 1000
evaluation/Rewards Mean                       0
evaluation/Rewards Std                        0
evaluation/Rewards Max                        0
evaluation/Rewards Min                        0
evaluation/Returns Mean                       0
evaluation/Returns Std                        0
evaluation/Returns Max                        0
evaluation/Returns Min                        0
evaluation/Actions Mean                      -0.019411
evaluation/Actions Std                        0.295398
evaluation/Actions Max                        0.768224
evaluation/Actions Min                       -0.834037
evaluation/Num Paths                          1
evaluation/Average Returns                    0
time/evaluation sampling (s)                  1.13948
time/logging (s)                              0.00436231
time/policy fn evaluation (s)                 1.90162
time/training (s)                           572.051
time/epoch (s)                              575.096
time/total (s)                             3097.61
Epoch                                         4
---------------------------------------  ---------------
